<?xml version="1.0" encoding="UTF-8"?>
<!-- Generated by org.testng.reporters.JUnitReportReporter -->
<testsuite hostname="LAPTOP-BKQKR9C4" failures="0" tests="3" name="TestNgFeatures.Program2" time="0.011" errors="0" timestamp="2025-01-13T14:24:59 IST" skipped="0">
  <testcase classname="TestNgFeatures.Program2" name="Test2" time="0.001"/>
  <testcase classname="TestNgFeatures.Program2" name="Test3" time="0.001"/>
  <testcase classname="TestNgFeatures.Program2" name="Test1" time="0.009"/>
</testsuite> <!-- TestNgFeatures.Program2 -->
