<?xml version="1.0" encoding="UTF-8"?>
<!-- Generated by org.testng.reporters.JUnitReportReporter -->
<testsuite hostname="LAPTOP-BKQKR9C4" failures="0" tests="3" name="TestNgFeatures.Priority1" time="0.010" errors="0" timestamp="2025-01-13T14:04:50 IST" skipped="0">
  <testcase classname="TestNgFeatures.Priority1" name="AB" time="0.001"/>
  <testcase classname="TestNgFeatures.Priority1" name="AA" time="0.008"/>
  <testcase classname="TestNgFeatures.Priority1" name="AC" time="0.001"/>
</testsuite> <!-- TestNgFeatures.Priority1 -->
