<?xml version="1.0" encoding="UTF-8"?>
<!-- Generated by org.testng.reporters.JUnitReportReporter -->
<testsuite hostname="LAPTOP-BKQKR9C4" failures="0" tests="3" name="TestNgFeatures.Enable" time="9.609" errors="0" timestamp="2025-01-13T14:03:56 IST" skipped="0">
  <testcase classname="TestNgFeatures.Enable" name="Verifyemailiputfiled" time="3.035"/>
  <testcase classname="TestNgFeatures.Enable" name="VerifyeLogin" time="3.244"/>
  <testcase classname="TestNgFeatures.Enable" name="Verifyepassinputfiled" time="3.330"/>
</testsuite> <!-- TestNgFeatures.Enable -->
