<?xml version="1.0" encoding="UTF-8"?>
<!-- Generated by org.testng.reporters.JUnitReportReporter -->
<testsuite hostname="LAPTOP-BKQKR9C4" failures="0" tests="3" name="TestNGAnnotations.Annotations" time="0.013" errors="0" timestamp="2025-01-13T13:56:57 IST" skipped="0">
  <testcase classname="TestNGAnnotations.Annotations" name="FacebookLogoTest2" time="0.001"/>
  <testcase classname="TestNGAnnotations.Annotations" name="FacebookLogoTest1" time="0.009"/>
  <testcase classname="TestNGAnnotations.Annotations" name="demo" time="0.003"/>
</testsuite> <!-- TestNGAnnotations.Annotations -->
