<?xml version="1.0" encoding="UTF-8"?>
<!-- Generated by org.testng.reporters.JUnitReportReporter -->
<testsuite hostname="LAPTOP-BKQKR9C4" failures="0" tests="1" name="TestNgFeatures.ExpectedException" time="0.011" errors="0" timestamp="2025-01-13T14:06:51 IST" skipped="0">
  <testcase classname="TestNgFeatures.ExpectedException" name="Test" time="0.011"/>
</testsuite> <!-- TestNgFeatures.ExpectedException -->
