<?xml version="1.0" encoding="UTF-8"?>
<!-- Generated by org.testng.reporters.JUnitReportReporter -->
<testsuite hostname="LAPTOP-BKQKR9C4" failures="0" tests="1" name="TestNG_Proj.demo" time="0.009" errors="0" timestamp="2025-01-07T09:51:53 IST" skipped="0">
  <testcase classname="TestNG_Proj.demo" name="test" time="0.009"/>
</testsuite> <!-- TestNG_Proj.demo -->
