<?xml version="1.0" encoding="UTF-8"?>
<!-- Generated by org.testng.reporters.JUnitReportReporter -->
<testsuite hostname="LAPTOP-BKQKR9C4" failures="0" tests="3" name="Parametrizationa.Program2" time="0.013" errors="0" timestamp="2025-01-14T16:44:17 IST" skipped="0">
  <testcase classname="Parametrizationa.Program2" name="add" time="0.011"/>
  <testcase classname="Parametrizationa.Program2" name="sub" time="0.001"/>
  <testcase classname="Parametrizationa.Program2" name="div" time="0.001"/>
</testsuite> <!-- Parametrizationa.Program2 -->
