<?xml version="1.0" encoding="UTF-8"?>
<!-- Generated by org.testng.reporters.JUnitReportReporter -->
<testsuite hostname="LAPTOP-BKQKR9C4" failures="0" tests="1" name="TestNgFeatures.Timeout" time="15.028" errors="1" timestamp="2025-01-13T14:07:56 IST" skipped="0">
  <testcase classname="TestNgFeatures.Timeout" name="LoginTest" time="15.028">
    <error message="Method TestNgFeatures.Timeout.LoginTest() didn&#039;t finish within the time-out 15000" type="org.testng.internal.thread.ThreadTimeoutException">
      <![CDATA[org.testng.internal.thread.ThreadTimeoutException: Method TestNgFeatures.Timeout.LoginTest() didn't finish within the time-out 15000
at java.base/java.io.FileOutputStream.writeBytes(Native Method)
at java.base/java.io.FileOutputStream.write(FileOutputStream.java:373)
at java.base/java.io.BufferedOutputStream.flushBuffer(BufferedOutputStream.java:125)
at java.base/java.io.BufferedOutputStream.implFlush(BufferedOutputStream.java:252)
at java.base/java.io.BufferedOutputStream.flush(BufferedOutputStream.java:240)
at java.base/java.io.PrintStream.implWrite(PrintStream.java:645)
at java.base/java.io.PrintStream.write(PrintStream.java:623)
at java.base/sun.nio.cs.StreamEncoder.writeBytes(StreamEncoder.java:313)
at java.base/sun.nio.cs.StreamEncoder.implFlushBuffer(StreamEncoder.java:409)
at java.base/sun.nio.cs.StreamEncoder.lockedFlushBuffer(StreamEncoder.java:127)
at java.base/sun.nio.cs.StreamEncoder.flushBuffer(StreamEncoder.java:114)
at java.base/java.io.OutputStreamWriter.flushBuffer(OutputStreamWriter.java:193)
at java.base/java.io.PrintStream.implWriteln(PrintStream.java:849)
at java.base/java.io.PrintStream.writeln(PrintStream.java:826)
at java.base/java.io.PrintStream.println(PrintStream.java:1168)
at TestNgFeatures.Timeout.LoginTest(Timeout.java:9)
at java.base/jdk.internal.reflect.DirectMethodHandleAccessor.invoke(DirectMethodHandleAccessor.java:104)
at java.base/java.lang.reflect.Method.invoke(Method.java:578)
at org.testng.internal.invokers.MethodInvocationHelper.invokeMethod(MethodInvocationHelper.java:141)
at org.testng.internal.invokers.InvokeMethodRunnable.runOne(InvokeMethodRunnable.java:47)
at org.testng.internal.invokers.InvokeMethodRunnable.call(InvokeMethodRunnable.java:76)
at org.testng.internal.invokers.InvokeMethodRunnable.call(InvokeMethodRunnable.java:11)
at java.base/java.util.concurrent.FutureTask.run(FutureTask.java:317)
at java.base/java.util.concurrent.ThreadPoolExecutor.runWorker(ThreadPoolExecutor.java:1144)
at java.base/java.util.concurrent.ThreadPoolExecutor$Worker.run(ThreadPoolExecutor.java:642)
at java.base/java.lang.Thread.run(Thread.java:1623)
]]>
    </error>
  </testcase> <!-- LoginTest -->
</testsuite> <!-- TestNgFeatures.Timeout -->
