<?xml version="1.0" encoding="UTF-8"?>
<!-- Generated by org.testng.reporters.JUnitReportReporter -->
<testsuite hostname="LAPTOP-BKQKR9C4" failures="0" tests="4" name="TestNgFeatures.Priority2" time="0.013" errors="0" timestamp="2025-01-13T14:05:19 IST" skipped="0">
  <testcase classname="TestNgFeatures.Priority2" name="LogoutTest" time="0.010"/>
  <testcase classname="TestNgFeatures.Priority2" name="LogoutTest1" time="0.001"/>
  <testcase classname="TestNgFeatures.Priority2" name="Dashboardtest" time="0.001"/>
  <testcase classname="TestNgFeatures.Priority2" name="LoginTest" time="0.001"/>
</testsuite> <!-- TestNgFeatures.Priority2 -->
