<?xml version="1.0" encoding="UTF-8"?>
<!-- Generated by org.testng.reporters.JUnitReportReporter -->
<testsuite hostname="LAPTOP-BKQKR9C4" failures="0" tests="1" name="Parametrizationa.Program1" time="2.657" errors="0" timestamp="2025-01-14T16:53:59 IST" skipped="0">
  <testcase classname="Parametrizationa.Program1" name="LoginTest" time="2.657"/>
</testsuite> <!-- Parametrizationa.Program1 -->
