<?xml version="1.0" encoding="UTF-8"?>
<!-- Generated by org.testng.reporters.JUnitReportReporter -->
<testsuite hostname="LAPTOP-BKQKR9C4" failures="0" tests="4" name="TestNgFeatures.DependsOnmethods" time="0.014" errors="0" timestamp="2025-01-13T14:06:24 IST" skipped="0">
  <testcase classname="TestNgFeatures.DependsOnmethods" name="LogInTest" time="0.009"/>
  <testcase classname="TestNgFeatures.DependsOnmethods" name="Homepage" time="0.001"/>
  <testcase classname="TestNgFeatures.DependsOnmethods" name="Createnewaccount" time="0.002"/>
  <testcase classname="TestNgFeatures.DependsOnmethods" name="RefreshTesta" time="0.002"/>
</testsuite> <!-- TestNgFeatures.DependsOnmethods -->
